  Building GameAssembly.dll with MsvcWinRtToolChain
  	Msvc Install Version: 16.0
  	Msvc Install SDK Directory: C:\Program Files (x86)\Windows Kits\10
  	Msvc Linker Path: C:\Program Files (x86)\Microsoft Visual Studio\2019\Community\VC\Tools\MSVC\14.29.30133\bin\HostX64\ARM\link.exe
  	Msvc Compiler Path: C:\Program Files (x86)\Microsoft Visual Studio\2019\Community\VC\Tools\MSVC\14.29.30133\bin\HostX64\ARM\cl.exe
  
  	Output directory: D:\MRTK_DRONE\App\build\bin\ARM\Debug
  	Cache directory: D:\MRTK_DRONE\App\build\obj\il2cppOutputProject\ARM\Debug
  Il2CppCCalculateTypeValues1.cpp
  Il2CppGenericMethodPointerTable.cpp
  Il2CppCCalculateFieldValues1.cpp
  Il2CppCCalculateFieldValues.cpp
  Il2CppInvokerTable.cpp
  Generics25.cpp
  Il2CppInteropDataTable.cpp
  GenericMethods3.cpp
  Il2CppMetadataUsage.c
  Il2CppTypeDefinitions.c
  Generics10.cpp
  Il2CppCCalculateTypeValues.cpp
  Generics16.cpp
  Generics28.cpp
  Generics45.cpp
  Generics27.cpp
  GenericMethods1.cpp
  GenericMethods6.cpp
  Generics24.cpp
  Generics31.cpp
  Il2CppCCalculateFieldValues2.cpp
  GenericMethods10.cpp
  Generics17.cpp
  Unity.XR.Interaction.Toolkit1.cpp
  Il2CppPCCWMethods.cpp
  mscorlib_CodeGen.c
  Generics15.cpp
  GenericMethods9.cpp
  Assembly-CSharp.cpp
  Unity.XR.Interaction.Toolkit.cpp
  GenericMethods7.cpp
  Il2CppCCWs87.cpp
  GenericMethods.cpp
  GenericMethods8.cpp
  Generics9.cpp
  Microsoft.MixedReality.Toolkit.SDK7.cpp
  GenericMethods12.cpp
  Generics42.cpp
  Generics29.cpp
  GenericMethods4.cpp
  Microsoft.MixedReality.Toolkit.SDK3.cpp
  Generics7.cpp
  Generics.cpp
  Microsoft.MixedReality.Toolkit4.cpp
  Unity.InputSystem6.cpp
  Unity.XR.Interaction.Toolkit2.cpp
  Microsoft.MixedReality.Toolkit1.cpp
  Generics46.cpp
  Il2CppCCWs34.cpp
  Il2CppGenericInstDefinitions.c
  Microsoft.MixedReality.Toolkit.SDK2.cpp
  Microsoft.MixedReality.Toolkit.Services.InputSystem.cpp
  Microsoft.MixedReality.Toolkit.SDK.cpp
  UnityEngine.CoreModule1.cpp
  Unity.XR.Interaction.Toolkit3.cpp
  Generics40.cpp
  Generics39.cpp
  Il2CppCCWs4.cpp
  Il2CppCCWs76.cpp
  Generics50.cpp
  Microsoft.MixedReality.OpenXR.cpp
  mscorlib8.cpp
  Generics1.cpp
  GenericMethods5.cpp
  mscorlib2.cpp
  mscorlib13.cpp
  Generics30.cpp
  Generics8.cpp
  Assembly-CSharp1.cpp
  Generics19.cpp
  mscorlib19.cpp
  Generics49.cpp
  mscorlib12.cpp
  mscorlib1.cpp
  Generics48.cpp
  GenericMethods2.cpp
  mscorlib.cpp
  mscorlib7.cpp
  Generics6.cpp
  Generics23.cpp
  mscorlib9.cpp
  Generics5.cpp
  UnityEngine.CoreModule.cpp
  Generics18.cpp
  mscorlib14.cpp
  Microsoft.MixedReality.Toolkit.Services.InputSimulation.cpp
  mscorlib16.cpp
  Generics47.cpp
  mscorlib15.cpp
  Unity.InputSystem_CodeGen.c
  Generics4.cpp
  Generics2.cpp
  mscorlib3.cpp
  Generics3.cpp
  System1.cpp
  Assembly-CSharp2.cpp
  Unity.InputSystem13.cpp
  Generics43.cpp
  Generics20.cpp
  mscorlib18.cpp
  Generics26.cpp
  mscorlib17.cpp
  Generics21.cpp
  mscorlib10.cpp
  Generics22.cpp
  Generics44.cpp
  mscorlib11.cpp
  Il2CppGenericClassTable.c
  Il2CppGenericAdjustorThunkTable.cpp
  mscorlib4.cpp
  GenericMethods11.cpp
  UnresolvedVirtualCallStubs.cpp
  Generics41.cpp
  Generics13.cpp
  Generics12.cpp
  Il2CppGenericMethodTable.c
  Generics14.cpp
  Generics11.cpp
  Microsoft.MixedReality.Toolkit.Gltf.cpp
  System.cpp
  Il2CppCCWs104.cpp
  mscorlib20.cpp
  Microsoft.MixedReality.Toolkit.SDK_CodeGen.c
  Generics37.cpp
  UnityEngine.CoreModule_Attr.cpp
  Generics38.cpp
  Microsoft.MixedReality.Toolkit.Providers.OpenXR.cpp
  Generics32.cpp
  Generics33.cpp
  UnityEngine.CoreModule2.cpp
  Unity.XR.Interaction.Toolkit_Attr.cpp
  Generics34.cpp
  Unity.XR.ARFoundation.cpp
  Generics35.cpp
  Il2CppGenericMethodDefinitions.c
  GenericMethods13.cpp
  Generics36.cpp
  Microsoft.MixedReality.Toolkit_CodeGen.c
  mscorlib_Attr.cpp
  System.Runtime.WindowsRuntime.cpp
  Unity.XR.Interaction.Toolkit_CodeGen.c
  Il2CppCCWs90.cpp
  Microsoft.MixedReality.Toolkit.Services.InputSystem1.cpp
  Il2CppCCWs102.cpp
  Il2CppCCWs103.cpp
  Il2CppCCWs92.cpp
  Unity.XR.ARSubsystems.cpp
  Il2CppCCWs95.cpp
  WindowsRuntimeMetadata.cpp
  Il2CppCCWs97.cpp
  Il2CppCCWs86.cpp
  Generics51.cpp
  Microsoft.MixedReality.Toolkit.Providers.WindowsMixedReality.Shared.cpp
  Il2CppCCWs91.cpp
  Il2CppCCWs93.cpp
  Il2CppCCWs41.cpp
  UnityEngine.CoreModule_CodeGen.c
  Il2CppCCWs88.cpp
  Il2CppCCWs25.cpp
  Il2CppCCWs23.cpp
  Il2CppCCWs69.cpp
  Microsoft.MixedReality.Toolkit.Services.DiagnosticsSystem.cpp
  I18N.CJK.cpp
  Il2CppCCWs114.cpp
  Il2CppCCWs115.cpp
  Il2CppCCWs99.cpp
  Il2CppCCWs110.cpp
  UnityEngine.XRModule.cpp
  Il2CppCCWs24.cpp
  Il2CppCCWs22.cpp
  Il2CppCCWs100.cpp
  Il2CppCCTypeValuesTable.cpp
  Il2CppCCWs113.cpp
  Il2CppCCWs109.cpp
  Il2CppCCWs112.cpp
  Il2CppCCWs.cpp
  Microsoft.MixedReality.Toolkit.Providers.WindowsVoiceInput.cpp
  Il2CppCCWs96.cpp
  Il2CppCCWs101.cpp
  Il2CppCCWs70.cpp
  Il2CppCCWs74.cpp
  UnityEngine.UnityWebRequestModule.cpp
  UnityEngine.UI_CodeGen.c
  Il2CppCCWs105.cpp
  Il2CppCCWs73.cpp
  Il2CppCCWs30.cpp
  Il2CppCCWs42.cpp
  Il2CppCCWs72.cpp
  Il2CppCCWs80.cpp
  Unity.TextMeshPro_CodeGen.c
  Il2CppCCWs39.cpp
  Il2CppCCWs98.cpp
  Il2CppCCWs71.cpp
  Il2CppCCWs21.cpp
  Il2CppCCWs26.cpp
  Il2CppCCWs75.cpp
  Il2CppCCWs84.cpp
  Il2CppCCWs27.cpp
  Il2CppCCWs28.cpp
  Il2CppCCWs31.cpp
  Il2CppCCWs82.cpp
  Il2CppCCWs29.cpp
  Il2CppCCWs68.cpp
  Il2CppCCFieldValuesTable.cpp
  Il2CppCCWs40.cpp
  Il2CppCCWs3.cpp
  Il2CppCCWs85.cpp
  Il2CppCCWs37.cpp
  Il2CppCCWs83.cpp
  Assembly-CSharp_CodeGen.c
  Il2CppCCWs2.cpp
  Il2CppCCWs38.cpp
  Il2CppCCWs111.cpp
  Il2CppCCWs32.cpp
  Microsoft.MixedReality.OpenXR_Attr.cpp
  Il2CppCCWs107.cpp
  Il2CppCCWs106.cpp
  Il2CppCCWs79.cpp
  Il2CppCCWs77.cpp
  System_CodeGen.c
  Il2CppCCWs89.cpp
  UnityEngine.SubsystemsModule.cpp
  Unity.XR.OpenXR_CodeGen.c
  Il2CppCCWs108.cpp
  Il2CppCCWs81.cpp
  Il2CppCCWs78.cpp
  Il2CppCCWs94.cpp
  UnityEngine.XRModule_Attr.cpp
  Microsoft.MixedReality.OpenXR_CodeGen.c
  Il2CppCCWs44.cpp
  Microsoft.MixedReality.Toolkit.Services.InputSystem_CodeGen.c
  UnityEngine.InputLegacyModule.cpp
  Il2CppCCWs43.cpp
  Il2CppCCWs60.cpp
  Il2CppCCWs57.cpp
  Il2CppCCWs45.cpp
  Unity.XR.ARSubsystems_Attr.cpp
  Il2CppCCWs47.cpp
  Il2CppCCWs59.cpp
  Il2CppCCWs52.cpp
  Il2CppCCWs54.cpp
  Il2CppCCWs51.cpp
  WindowsRuntimeMetadata_CodeGen.c
  Il2CppCCWs62.cpp
  Il2CppCCWs58.cpp
  Il2CppCCWs48.cpp
  Il2CppCCWs66.cpp
  Il2CppCCWs56.cpp
  Il2CppCCWs33.cpp
  Il2CppCCWs15.cpp
  Il2CppCCWs53.cpp
  Il2CppCCWs63.cpp
  Microsoft.MixedReality.Toolkit.Services.InputSimulation_CodeGen.c
  Il2CppCCWs55.cpp
  Il2CppCCWs46.cpp
  Unity.XR.ARFoundation_Attr.cpp
  Il2CppCCWs65.cpp
  Il2CppCCWs61.cpp
  Il2CppCCWs49.cpp
  Il2CppCCWs64.cpp
  Il2CppCCWs67.cpp
  UnityEngine.SubsystemsModule_Attr.cpp
  Microsoft.MixedReality.Toolkit.Providers.OpenXR_Attr.cpp
  Unity.XR.ARSubsystems_CodeGen.c
  System.Runtime.WindowsRuntime_CodeGen.c
  Il2CppCCWs9.cpp
  Il2CppCCWs50.cpp
  Il2CppCCWs36.cpp
  Il2CppCCWs14.cpp
  Il2CppCCWs8.cpp
  Il2CppCCWs11.cpp
  Il2CppCCWs20.cpp
  Il2CppCCWs18.cpp
  Il2CppGenericComDefinitions6.cpp
  Il2CppCCWs10.cpp
  Il2CppCCWs19.cpp
  Il2CppCCWs7.cpp
  Il2CppCCWs5.cpp
  Unity.XR.ARFoundation_CodeGen.c
  Il2CppCCWs12.cpp
  Il2CppCCWs17.cpp
  Il2CppCCWs16.cpp
  Il2CppCCWs13.cpp
  Il2CppCCWs6.cpp
  Microsoft.MixedReality.Toolkit.Services.InputAnimation_CodeGen.c
  System.Runtime.WindowsRuntime_Attr.cpp
  UnityEngine.XRModule_CodeGen.c
  I18N.Rare_CodeGen.c
  Il2CppCCWs35.cpp
  UnityEngine.IMGUIModule_CodeGen.c
  UnityEngine.AndroidJNIModule_CodeGen.c
  I18N.CJK_CodeGen.c
  Microsoft.MixedReality.Toolkit.Services.SceneSystem_CodeGen.c
  UnityEngine.PhysicsModule_CodeGen.c
  UnityEngine.JSONSerializeModule.cpp
  UnityEngine.TextCoreModule_CodeGen.c
  Microsoft.MixedReality.Toolkit.Gltf_CodeGen.c
  System.Core_CodeGen.c
  Microsoft.MixedReality.Toolkit.Providers.OpenXR_CodeGen.c
  Microsoft.MixedReality.Toolkit.Extensions.SceneTransitionService_CodeGen.c
  Microsoft.MixedReality.Toolkit.Async_CodeGen.c
  UnityEngine.UnityWebRequestModule_CodeGen.c
  Microsoft.MixedReality.Toolkit.Services.DiagnosticsSystem_CodeGen.c
  UnityEngine.AnimationModule_CodeGen.c
  Microsoft.MixedReality.Toolkit.Providers.WindowsMixedReality.Shared_CodeGen.c
  Microsoft.MixedReality.Toolkit.Providers.XRSDK.WindowsMixedReality_CodeGen.c
  UnityEngine.UIModule_CodeGen.c
  Il2CppGenericComDefinitions137.cpp
  I18N_CodeGen.c
  Microsoft.MixedReality.Toolkit.Providers.WindowsSceneUnderstanding_CodeGen.c
  UnityEngine.ParticleSystemModule_CodeGen.c
  Microsoft.MixedReality.Toolkit.Providers.XRSDK_CodeGen.c
  UnityEngine.SubsystemsModule_CodeGen.c
  I18N.West_CodeGen.c
  Microsoft.MixedReality.Toolkit.Providers.WindowsVoiceInput_CodeGen.c
  WindowsRuntimeMetadata_Attr.cpp
  UnityEngine.AudioModule_CodeGen.c
  Unity.XR.Management_CodeGen.c
  I18N.Other_CodeGen.c
  UnityEngine.TextRenderingModule_CodeGen.c
  UnityEngine.Physics2DModule_CodeGen.c
  Unity.XR.CoreUtils_CodeGen.c
  UnityEngine.SharedInternalsModule_CodeGen.c
  Il2CppGenericComDefinitions56.cpp
  Unity.XR.OpenXR.Features.MockRuntime_CodeGen.c
  UnityEngine.InputLegacyModule_CodeGen.c
  Microsoft.MixedReality.Toolkit.Extensions.HandPhysics_CodeGen.c
  UnityEngine.TerrainModule_CodeGen.c
  Il2CppCodeRegistration.cpp
  Microsoft.MixedReality.Toolkit.Examples_CodeGen.c
  System.Numerics_CodeGen.c
  UnityEngine.SpatialTracking_CodeGen.c
  Microsoft.MixedReality.Toolkit.Services.SpatialAwarenessSystem_CodeGen.c
  Microsoft.MixedReality.Toolkit.Extensions.Tracking_CodeGen.c
  UnityEngine.TilemapModule_CodeGen.c
  I18N.MidEast_CodeGen.c
  Microsoft.MixedReality.Toolkit.Services.TeleportSystem_CodeGen.c
  UnityEngine.VideoModule_CodeGen.c
  UnityEngine.VFXModule_CodeGen.c
  Unity.XR.OpenXR.Features.ConformanceAutomation_CodeGen.c
  UnityEngine.UnityAnalyticsModule_CodeGen.c
  UnityEngine.UIElementsNativeModule_CodeGen.c
  System.Xml_CodeGen.c
  Microsoft.MixedReality.Toolkit.Demos.UX.Interactables_CodeGen.c
  Microsoft.MixedReality.Toolkit.Services.CameraSystem_CodeGen.c
  UnityEngine.InputModule_CodeGen.c
  Mono.Security_CodeGen.c
  Microsoft.MixedReality.Toolkit.Demos.Gltf_CodeGen.c
  System.Configuration_CodeGen.c
  Microsoft.MixedReality.Toolkit.Demos.Audio_CodeGen.c
  UnityEngine.JSONSerializeModule_CodeGen.c
  UnityEngine.VRModule_CodeGen.c
  UnityEngine.DirectorModule_CodeGen.c
  UnityEngine.AIModule_CodeGen.c
  System.Runtime.WindowsRuntime.UI.Xaml_CodeGen.c
  Unity.XR.OpenXR.Features.RuntimeDebugger_CodeGen.c
  Microsoft.MixedReality.Toolkit.Demos.InspectorFields_CodeGen.c
  UnityEngine.AssetBundleModule_CodeGen.c
  Unity.XR.OpenXR.Features.OculusQuestSupport_CodeGen.c
  UnityEngine.ImageConversionModule_CodeGen.c
  Il2CppMetadataRegistration.c
  Il2CppGenericComDefinitions132.cpp
  UnityEngine.UIElementsModule_CodeGen.c
  Il2CppGenericComDefinitions125.cpp
  UnityEngine.GridModule_CodeGen.c
  Il2CppGenericComDefinitions134.cpp
  Il2CppGenericComDefinitions133.cpp
  Il2CppGenericComDefinitions136.cpp
  Il2CppGenericComDefinitions135.cpp
  Il2CppGenericComDefinitions141.cpp
  Il2CppGenericComDefinitions138.cpp
  Il2CppGenericComDefinitions139.cpp
  Il2CppGenericComDefinitions140.cpp
  Il2CppGenericComDefinitions142.cpp
  Il2CppGenericComDefinitions143.cpp
  Il2CppGenericComDefinitions5.cpp
  Il2CppGenericComDefinitions53.cpp
  ObjectFiles: 737 of which compiled: 377
  	Time Compile: 38590 milliseconds Il2CppCCalculateTypeValues.cpp
  	Time Compile: 37605 milliseconds Il2CppTypeDefinitions.c
  	Time Compile: 36866 milliseconds Generics25.cpp
  	Time Compile: 36434 milliseconds Il2CppInvokerTable.cpp
  	Time Compile: 36094 milliseconds Il2CppCCalculateFieldValues.cpp
  	Time Compile: 35970 milliseconds Il2CppCCalculateFieldValues1.cpp
  	Time Compile: 35045 milliseconds Il2CppGenericMethodPointerTable.cpp
  	Time Compile: 35027 milliseconds Il2CppCCalculateTypeValues1.cpp
  	Time Compile: 18315 milliseconds Il2CppCCWs76.cpp
  	Time Compile: 17299 milliseconds Il2CppCCWs34.cpp
  Total compilation time: 129205 milliseconds.
  Creating library D:\MRTK_DRONE\App\build\obj\il2cppOutputProject\ARM\Debug\linkresult_5C289FD418E9DAD37481CCDB55D1D55C\GameAssembly.lib and object D:\MRTK_DRONE\App\build\obj\il2cppOutputProject\ARM\Debug\linkresult_5C289FD418E9DAD37481CCDB55D1D55C\GameAssembly.exp
  Total link time: 79987 milliseconds.
  Cleaned up 348 object files.
